f:\外包\c_exam\mfc\mfc\examsystem\examsystem\x64\debug\examsystem.pch
f:\外包\c_exam\mfc\mfc\examsystem\examsystem\x64\debug\vc142.pdb
f:\外包\c_exam\mfc\mfc\examsystem\examsystem\x64\debug\vc142.idb
f:\外包\c_exam\mfc\mfc\examsystem\examsystem\x64\debug\stdafx.obj
f:\外包\c_exam\mfc\mfc\examsystem\examsystem\x64\debug\examsystemdlg.obj
f:\外包\c_exam\mfc\mfc\examsystem\examsystem\x64\debug\examsystem.obj
f:\外包\c_exam\mfc\mfc\examsystem\examsystem\x64\debug\stumark.obj
f:\外包\c_exam\mfc\mfc\examsystem\examsystem\x64\debug\mainlog.obj
f:\外包\c_exam\mfc\mfc\examsystem\examsystem\x64\debug\cstudentdlg.obj
f:\外包\c_exam\mfc\mfc\examsystem\examsystem\x64\debug\cregisteruser.obj
f:\外包\c_exam\mfc\mfc\examsystem\examsystem\x64\debug\conlinetest.obj
f:\外包\c_exam\mfc\mfc\examsystem\examsystem\x64\debug\listshow.obj
f:\外包\c_exam\mfc\mfc\examsystem\examsystem\x64\debug\login.obj
f:\外包\c_exam\mfc\mfc\examsystem\examsystem\x64\debug\inforadd.obj
f:\外包\c_exam\mfc\mfc\examsystem\examsystem\x64\debug\deletestu.obj
f:\外包\c_exam\mfc\mfc\examsystem\examsystem\x64\debug\deletemark.obj
f:\外包\c_exam\mfc\mfc\examsystem\examsystem\x64\debug\cteacherdlg.obj
f:\外包\c_exam\mfc\mfc\examsystem\examsystem\x64\debug\cmanagerdlg.obj
f:\外包\c_exam\mfc\mfc\examsystem\examsystem\x64\debug\addstumark.obj
f:\外包\c_exam\mfc\mfc\examsystem\examsystem\x64\debug\cedituserinfo.obj
f:\外包\c_exam\mfc\mfc\examsystem\examsystem\x64\debug\ceditstuinfo.obj
f:\外包\c_exam\mfc\mfc\examsystem\examsystem\x64\debug\cinputsingletest.obj
f:\外包\c_exam\mfc\mfc\examsystem\examsystem\x64\debug\examsystem.exe
f:\外包\c_exam\mfc\mfc\examsystem\examsystem\x64\debug\examsystem.ilk
f:\外包\c_exam\mfc\mfc\examsystem\examsystem\x64\debug\examsystem.pdb
f:\外包\c_exam\mfc\mfc\examsystem\examsystem\x64\debug\examsystem.res
f:\外包\c_exam\mfc\mfc\examsystem\examsystem\x64\debug\examsystem.tlog\cl.command.1.tlog
f:\外包\c_exam\mfc\mfc\examsystem\examsystem\x64\debug\examsystem.tlog\cl.read.1.tlog
f:\外包\c_exam\mfc\mfc\examsystem\examsystem\x64\debug\examsystem.tlog\cl.write.1.tlog
f:\外包\c_exam\mfc\mfc\examsystem\examsystem\x64\debug\examsystem.tlog\link.command.1.tlog
f:\外包\c_exam\mfc\mfc\examsystem\examsystem\x64\debug\examsystem.tlog\link.read.1.tlog
f:\外包\c_exam\mfc\mfc\examsystem\examsystem\x64\debug\examsystem.tlog\link.write.1.tlog
f:\外包\c_exam\mfc\mfc\examsystem\examsystem\x64\debug\examsystem.tlog\rc.command.1.tlog
f:\外包\c_exam\mfc\mfc\examsystem\examsystem\x64\debug\examsystem.tlog\rc.read.1.tlog
f:\外包\c_exam\mfc\mfc\examsystem\examsystem\x64\debug\examsystem.tlog\rc.write.1.tlog
